<?xml version="1.0" encoding="UTF-8"?>
<!-- Generated by org.testng.reporters.JUnitReportReporter -->
<testsuite hostname="dell" failures="0" tests="1" name="Test.Register$LoginTest" time="9.396" errors="0" timestamp="2023-07-19T20:52:43 IST" skipped="0">
  <testcase classname="Test.Register$LoginTest" name="register" time="9.396"/>
  <system-out/>
</testsuite> <!-- Test.Register$LoginTest -->
