<?xml version="1.0" encoding="UTF-8"?>
<!-- Generated by org.testng.reporters.JUnitReportReporter -->
<testsuite hostname="dell" failures="0" tests="1" name="tests.RegisterTest" time="36.501" errors="0" timestamp="2023-08-01T18:17:32 IST" skipped="0">
  <testcase classname="tests.RegisterTest" name="register" time="36.501"/>
  <system-out/>
</testsuite> <!-- tests.RegisterTest -->
